<?xml version="1.0" encoding="UTF-8"?>
<testsuite name="ru.spbstu.telematics.java.AppTest" time="0.01" tests="29" errors="0" skipped="0" failures="0">
  <properties>
[...]
</properties>
  <testcase name="testMapContains" classname="ru.spbstu.telematics.java.AppTest" time="0.003"/>
  <testcase name="testMapFirstKey" classname="ru.spbstu.telematics.java.AppTest" time="0"/>
  <testcase name="testSetIterator" classname="ru.spbstu.telematics.java.AppTest" time="0"/>
  <testcase name="testListIterator" classname="ru.spbstu.telematics.java.AppTest" time="0.001"/>
  <testcase name="testListEquals" classname="ru.spbstu.telematics.java.AppTest" time="0.001"/>
  <testcase name="testListClear" classname="ru.spbstu.telematics.java.AppTest" time="0"/>
  <testcase name="testListEmpty" classname="ru.spbstu.telematics.java.AppTest" time="0.001"/>
  <testcase name="testSetToString" classname="ru.spbstu.telematics.java.AppTest" time="0"/>
  <testcase name="testListRemove" classname="ru.spbstu.telematics.java.AppTest" time="0"/>
  <testcase name="testListAdd" classname="ru.spbstu.telematics.java.AppTest" time="0"/>
  <testcase name="testListGet" classname="ru.spbstu.telematics.java.AppTest" time="0"/>
  <testcase name="testListSet" classname="ru.spbstu.telematics.java.AppTest" time="0"/>
  <testcase name="testContains" classname="ru.spbstu.telematics.java.AppTest" time="0"/>
  <testcase name="testListToString" classname="ru.spbstu.telematics.java.AppTest" time="0.001"/>
  <testcase name="testMapSize" classname="ru.spbstu.telematics.java.AppTest" time="0"/>
  <testcase name="testMapReplace" classname="ru.spbstu.telematics.java.AppTest" time="0"/>
  <testcase name="testSetEquals" classname="ru.spbstu.telematics.java.AppTest" time="0"/>
  <testcase name="testListAddIndex" classname="ru.spbstu.telematics.java.AppTest" time="0"/>
  <testcase name="testMapClear" classname="ru.spbstu.telematics.java.AppTest" time="0"/>
  <testcase name="testMapToString" classname="ru.spbstu.telematics.java.AppTest" time="0.003"/>
  <testcase name="testSetRemove" classname="ru.spbstu.telematics.java.AppTest" time="0"/>
  <testcase name="testMapGet" classname="ru.spbstu.telematics.java.AppTest" time="0"/>
  <testcase name="testMapPut" classname="ru.spbstu.telematics.java.AppTest" time="0"/>
  <testcase name="testMapRemove" classname="ru.spbstu.telematics.java.AppTest" time="0"/>
  <testcase name="testSetSize" classname="ru.spbstu.telematics.java.AppTest" time="0"/>
  <testcase name="testSetAdd" classname="ru.spbstu.telematics.java.AppTest" time="0"/>
  <testcase name="testListSize" classname="ru.spbstu.telematics.java.AppTest" time="0"/>
  <testcase name="testSetClear" classname="ru.spbstu.telematics.java.AppTest" time="0"/>
  <testcase name="testSetEmpty" classname="ru.spbstu.telematics.java.AppTest" time="0"/>
</testsuite>